<html>
<head>
<title>TestNG:  IntenalUser Test</title>
<link href="../testng.css" rel="stylesheet" type="text/css" />
<link href="../my-testng.css" rel="stylesheet" type="text/css" />

<style type="text/css">
.log { display: none;} 
.stack-trace { display: none;} 
</style>
<script type="text/javascript">
<!--
function flip(e) {
  current = e.style.display;
  if (current == 'block') {
    e.style.display = 'none';
    return 0;
  }
  else {
    e.style.display = 'block';
    return 1;
  }
}

function toggleBox(szDivId, elem, msg1, msg2)
{
  var res = -1;  if (document.getElementById) {
    res = flip(document.getElementById(szDivId));
  }
  else if (document.all) {
    // this is the way old msie versions work
    res = flip(document.all[szDivId]);
  }
  if(elem) {
    if(res == 0) elem.innerHTML = msg1; else elem.innerHTML = msg2;
  }

}

function toggleAllBoxes() {
  if (document.getElementsByTagName) {
    d = document.getElementsByTagName('div');
    for (i = 0; i < d.length; i++) {
      if (d[i].className == 'log') {
        flip(d[i]);
      }
    }
  }
}

// -->
</script>

</head>
<body>
<h2 align='center'>IntenalUser Test</h2><table border='1' align="center">
<tr>
<td>Tests passed/Failed/Skipped:</td><td>14/5/0</td>
</tr><tr>
<td>Started on:</td><td>Wed Oct 28 14:42:45 IST 2015</td>
</tr>
<tr><td>Total time:</td><td>713 seconds (713951 ms)</td>
</tr><tr>
<td>Included groups:</td><td></td>
</tr><tr>
<td>Excluded groups:</td><td></td>
</tr>
</table><p/>
<small><i>(Hover the method name to see the test class name)</i></small><p/>
<table width='100%' border='1' class='invocation-failed'>
<tr><td colspan='4' align='center'><b>FAILED TESTS</b></td></tr>
<tr><td><b>Test method</b></td>
<td width="30%"><b>Exception</b></td>
<td width="10%"><b>Time (seconds)</b></td>
<td><b>Instance</b></td>
</tr>
<tr>
<td title='MyPackage.CNAutoDemo.CNModuleBudget()'><b>CNModuleBudget</b><br>Test class: MyPackage.CNAutoDemo<br/>
<a href="#Output-20989823" onClick='toggleBox("Output-20989823", this, "Show output", "Hide output");'>Show output</a>

<a href="#Output-20989823" onClick="toggleAllBoxes();">Show all outputs</a>
<div class='log' id="Output-20989823">
<a href="C:\Users\499290\Desktop\TF\screenshot\_CNModuleBudget.png"><p align="left"> screenshot at Wed Oct 28 14:54:20 IST 2015</p><br/>
</div>
</td>
<td><div><pre>org.openqa.selenium.NoSuchElementException: no such element
  (Session info: chrome=46.0.2490.80)
  (Driver info: chromedriver=2.15.322448 (52179c1b310fec1797c81ea9a20326839860b7d3),platform=Windows NT 6.1 SP1 x86) (WARNING: The server did not provide any stacktrace information)
Command duration or timeout: 40.06 seconds
For documentation on this error, please visit: http://seleniumhq.org/exceptions/no_such_element.html
Build info: version: &apos;2.43.0&apos;, revision: &apos;597b76b&apos;, time: &apos;2014-09-09 20:52:38&apos;
System info: host: &apos;01HW189758&apos;, ip: &apos;192.168.9.162&apos;, os.name: &apos;Windows 7&apos;, os.arch: &apos;x86&apos;, os.version: &apos;6.1&apos;, java.version: &apos;1.8.0_31&apos;
Driver info: org.openqa.selenium.chrome.ChromeDriver
Capabilities [{applicationCacheEnabled=false, rotatable=false, mobileEmulationEnabled=false, chrome={userDataDir=C:\Users\499290\AppData\Local\Temp\scoped_dir3952_10345}, takesHeapSnapshot=true, databaseEnabled=false, handlesAlerts=true, version=46.0.2490.80, platform=XP, browserConnectionEnabled=false, nativeEvents=true, acceptSslCerts=true, locationContextEnabled=true, webStorageEnabled=true, browserName=chrome, takesScreenshot=true, javascriptEnabled=true, cssSelectorsEnabled=true}]
Session ID: e36381f19233ca9d0e817580976bad75
	at sun.reflect.NativeConstructorAccessorImpl.newInstance0(Native Method)
	at sun.reflect.NativeConstructorAccessorImpl.newInstance(Unknown Source)
	at sun.reflect.DelegatingConstructorAccessorImpl.newInstance(Unknown Source)
	at java.lang.reflect.Constructor.newInstance(Unknown Source)
	at org.openqa.selenium.remote.ErrorHandler.createThrowable(ErrorHandler.java:204)
	at org.openqa.selenium.remote.ErrorHandler.throwIfResponseFailed(ErrorHandler.java:156)
	at org.openqa.selenium.remote.RemoteWebDriver.execute(RemoteWebDriver.java:599)
	at org.openqa.selenium.remote.RemoteWebDriver.findElement(RemoteWebDriver.java:352)
	at org.openqa.selenium.remote.RemoteWebDriver.findElementById(RemoteWebDriver.java:393)
	at org.openqa.selenium.By$ById.findElement(By.java:214)
	at org.openqa.selenium.remote.RemoteWebDriver.findElement(RemoteWebDriver.java:344)
	at MyPackage.CNAutoDemo.CNModuleBudget(CNAutoDemo.java:1132)
	at sun.reflect.NativeMethodAccessorImpl.invoke0(Native Method)
	at sun.reflect.NativeMethodAccessorImpl.invoke(Unknown Source)
	at sun.reflect.DelegatingMethodAccessorImpl.invoke(Unknown Source)
	at java.lang.reflect.Method.invoke(Unknown Source)
	at org.testng.internal.MethodInvocationHelper.invokeMethod(MethodInvocationHelper.java:85)
	at org.testng.internal.Invoker.invokeMethod(Invoker.java:648)
	at org.testng.internal.Invoker.invokeTestMethod(Invoker.java:834)
	at org.testng.internal.Invoker.invokeTestMethods(Invoker.java:1142)
	at org.testng.internal.TestMethodWorker.invokeTestMethods(TestMethodWorker.java:124)
	at org.testng.internal.TestMethodWorker.run(TestMethodWorker.java:108)
	at org.testng.TestRunner.privateRun(TestRunner.java:771)
	at org.testng.TestRunner.run(TestRunner.java:621)
	at org.testng.SuiteRunner.runTest(SuiteRunner.java:357)
	at org.testng.SuiteRunner.runSequentially(SuiteRunner.java:352)
	at org.testng.SuiteRunner.privateRun(SuiteRunner.java:310)
	at org.testng.SuiteRunner.run(SuiteRunner.java:259)
	at org.testng.SuiteRunnerWorker.runSuite(SuiteRunnerWorker.java:52)
	at org.testng.SuiteRunnerWorker.run(SuiteRunnerWorker.java:86)
	at org.testng.TestNG.runSuitesSequentially(TestNG.java:1176)
	at org.testng.TestNG.runSuitesLocally(TestNG.java:1101)
	at org.testng.TestNG.run(TestNG.java:1009)
	at org.testng.remote.RemoteTestNG.run(RemoteTestNG.java:111)
	at org.testng.remote.RemoteTestNG.initAndRun(RemoteTestNG.java:204)
	at org.testng.remote.RemoteTestNG.main(RemoteTestNG.java:175)
</pre></div><a href='#' onClick='toggleBox("stack-trace20989823", this, "Click to show all stack frames", "Click to hide stack frames")'>Click to show all stack frames</a>
<div class='stack-trace' id='stack-trace20989823'><pre>org.openqa.selenium.NoSuchElementException: no such element
  (Session info: chrome=46.0.2490.80)
  (Driver info: chromedriver=2.15.322448 (52179c1b310fec1797c81ea9a20326839860b7d3),platform=Windows NT 6.1 SP1 x86) (WARNING: The server did not provide any stacktrace information)
Command duration or timeout: 40.06 seconds
For documentation on this error, please visit: http://seleniumhq.org/exceptions/no_such_element.html
Build info: version: &apos;2.43.0&apos;, revision: &apos;597b76b&apos;, time: &apos;2014-09-09 20:52:38&apos;
System info: host: &apos;01HW189758&apos;, ip: &apos;192.168.9.162&apos;, os.name: &apos;Windows 7&apos;, os.arch: &apos;x86&apos;, os.version: &apos;6.1&apos;, java.version: &apos;1.8.0_31&apos;
Driver info: org.openqa.selenium.chrome.ChromeDriver
Capabilities [{applicationCacheEnabled=false, rotatable=false, mobileEmulationEnabled=false, chrome={userDataDir=C:\Users\499290\AppData\Local\Temp\scoped_dir3952_10345}, takesHeapSnapshot=true, databaseEnabled=false, handlesAlerts=true, version=46.0.2490.80, platform=XP, browserConnectionEnabled=false, nativeEvents=true, acceptSslCerts=true, locationContextEnabled=true, webStorageEnabled=true, browserName=chrome, takesScreenshot=true, javascriptEnabled=true, cssSelectorsEnabled=true}]
Session ID: e36381f19233ca9d0e817580976bad75
	at sun.reflect.NativeConstructorAccessorImpl.newInstance0(Native Method)
	at sun.reflect.NativeConstructorAccessorImpl.newInstance(Unknown Source)
	at sun.reflect.DelegatingConstructorAccessorImpl.newInstance(Unknown Source)
	at java.lang.reflect.Constructor.newInstance(Unknown Source)
	at org.openqa.selenium.remote.ErrorHandler.createThrowable(ErrorHandler.java:204)
	at org.openqa.selenium.remote.ErrorHandler.throwIfResponseFailed(ErrorHandler.java:156)
	at org.openqa.selenium.remote.RemoteWebDriver.execute(RemoteWebDriver.java:599)
	at org.openqa.selenium.remote.RemoteWebDriver.findElement(RemoteWebDriver.java:352)
	at org.openqa.selenium.remote.RemoteWebDriver.findElementById(RemoteWebDriver.java:393)
	at org.openqa.selenium.By$ById.findElement(By.java:214)
	at org.openqa.selenium.remote.RemoteWebDriver.findElement(RemoteWebDriver.java:344)
	at MyPackage.CNAutoDemo.CNModuleBudget(CNAutoDemo.java:1132)
	at sun.reflect.NativeMethodAccessorImpl.invoke0(Native Method)
	at sun.reflect.NativeMethodAccessorImpl.invoke(Unknown Source)
	at sun.reflect.DelegatingMethodAccessorImpl.invoke(Unknown Source)
	at java.lang.reflect.Method.invoke(Unknown Source)
	at org.testng.internal.MethodInvocationHelper.invokeMethod(MethodInvocationHelper.java:85)
	at org.testng.internal.Invoker.invokeMethod(Invoker.java:648)
	at org.testng.internal.Invoker.invokeTestMethod(Invoker.java:834)
	at org.testng.internal.Invoker.invokeTestMethods(Invoker.java:1142)
	at org.testng.internal.TestMethodWorker.invokeTestMethods(TestMethodWorker.java:124)
	at org.testng.internal.TestMethodWorker.run(TestMethodWorker.java:108)
	at org.testng.TestRunner.privateRun(TestRunner.java:771)
	at org.testng.TestRunner.run(TestRunner.java:621)
	at org.testng.SuiteRunner.runTest(SuiteRunner.java:357)
	at org.testng.SuiteRunner.runSequentially(SuiteRunner.java:352)
	at org.testng.SuiteRunner.privateRun(SuiteRunner.java:310)
	at org.testng.SuiteRunner.run(SuiteRunner.java:259)
	at org.testng.SuiteRunnerWorker.runSuite(SuiteRunnerWorker.java:52)
	at org.testng.SuiteRunnerWorker.run(SuiteRunnerWorker.java:86)
	at org.testng.TestNG.runSuitesSequentially(TestNG.java:1176)
	at org.testng.TestNG.runSuitesLocally(TestNG.java:1101)
	at org.testng.TestNG.run(TestNG.java:1009)
	at org.testng.remote.RemoteTestNG.run(RemoteTestNG.java:111)
	at org.testng.remote.RemoteTestNG.initAndRun(RemoteTestNG.java:204)
	at org.testng.remote.RemoteTestNG.main(RemoteTestNG.java:175)
</pre></div></td>
<td>66</td>
<td>MyPackage.CNAutoDemo@580929</td></tr>
<tr>
<td title='MyPackage.CNAutoDemo.ChangeSubmissionDate()'><b>ChangeSubmissionDate</b><br>Test class: MyPackage.CNAutoDemo<br/>
<a href="#Output-23660417" onClick='toggleBox("Output-23660417", this, "Show output", "Hide output");'>Show output</a>

<a href="#Output-23660417" onClick="toggleAllBoxes();">Show all outputs</a>
<div class='log' id="Output-23660417">
<a href="C:\Users\499290\Desktop\TF\screenshot\_ChangeSubmissionDate.png"><p align="left"> screenshot at Wed Oct 28 14:43:25 IST 2015</p><br/>
</div>
</td>
<td><div><pre>org.openqa.selenium.NoSuchElementException: no such element
  (Session info: chrome=46.0.2490.80)
  (Driver info: chromedriver=2.15.322448 (52179c1b310fec1797c81ea9a20326839860b7d3),platform=Windows NT 6.1 SP1 x86) (WARNING: The server did not provide any stacktrace information)
Command duration or timeout: 2.33 seconds
For documentation on this error, please visit: http://seleniumhq.org/exceptions/no_such_element.html
Build info: version: &apos;2.43.0&apos;, revision: &apos;597b76b&apos;, time: &apos;2014-09-09 20:52:38&apos;
System info: host: &apos;01HW189758&apos;, ip: &apos;192.168.9.162&apos;, os.name: &apos;Windows 7&apos;, os.arch: &apos;x86&apos;, os.version: &apos;6.1&apos;, java.version: &apos;1.8.0_31&apos;
Driver info: org.openqa.selenium.chrome.ChromeDriver
Capabilities [{applicationCacheEnabled=false, rotatable=false, mobileEmulationEnabled=false, chrome={userDataDir=C:\Users\499290\AppData\Local\Temp\scoped_dir3952_10345}, takesHeapSnapshot=true, databaseEnabled=false, handlesAlerts=true, version=46.0.2490.80, platform=XP, browserConnectionEnabled=false, nativeEvents=true, acceptSslCerts=true, locationContextEnabled=true, webStorageEnabled=true, browserName=chrome, takesScreenshot=true, javascriptEnabled=true, cssSelectorsEnabled=true}]
Session ID: e36381f19233ca9d0e817580976bad75
	at sun.reflect.NativeConstructorAccessorImpl.newInstance0(Native Method)
	at sun.reflect.NativeConstructorAccessorImpl.newInstance(Unknown Source)
	at sun.reflect.DelegatingConstructorAccessorImpl.newInstance(Unknown Source)
	at java.lang.reflect.Constructor.newInstance(Unknown Source)
	at org.openqa.selenium.remote.ErrorHandler.createThrowable(ErrorHandler.java:204)
	at org.openqa.selenium.remote.ErrorHandler.throwIfResponseFailed(ErrorHandler.java:156)
	at org.openqa.selenium.remote.RemoteWebDriver.execute(RemoteWebDriver.java:599)
	at org.openqa.selenium.remote.RemoteWebDriver.findElement(RemoteWebDriver.java:352)
	at org.openqa.selenium.remote.RemoteWebDriver.findElementByLinkText(RemoteWebDriver.java:401)
	at org.openqa.selenium.By$ByLinkText.findElement(By.java:242)
	at org.openqa.selenium.remote.RemoteWebDriver.findElement(RemoteWebDriver.java:344)
	at MyPackage.CNAutoDemo.ChangeSubmissionDate(CNAutoDemo.java:1221)
	at sun.reflect.NativeMethodAccessorImpl.invoke0(Native Method)
	at sun.reflect.NativeMethodAccessorImpl.invoke(Unknown Source)
	at sun.reflect.DelegatingMethodAccessorImpl.invoke(Unknown Source)
	at java.lang.reflect.Method.invoke(Unknown Source)
	at org.testng.internal.MethodInvocationHelper.invokeMethod(MethodInvocationHelper.java:85)
	at org.testng.internal.Invoker.invokeMethod(Invoker.java:648)
	at org.testng.internal.Invoker.invokeTestMethod(Invoker.java:834)
	at org.testng.internal.Invoker.invokeTestMethods(Invoker.java:1142)
	at org.testng.internal.TestMethodWorker.invokeTestMethods(TestMethodWorker.java:124)
	at org.testng.internal.TestMethodWorker.run(TestMethodWorker.java:108)
	at org.testng.TestRunner.privateRun(TestRunner.java:771)
	at org.testng.TestRunner.run(TestRunner.java:621)
	at org.testng.SuiteRunner.runTest(SuiteRunner.java:357)
	at org.testng.SuiteRunner.runSequentially(SuiteRunner.java:352)
	at org.testng.SuiteRunner.privateRun(SuiteRunner.java:310)
	at org.testng.SuiteRunner.run(SuiteRunner.java:259)
	at org.testng.SuiteRunnerWorker.runSuite(SuiteRunnerWorker.java:52)
	at org.testng.SuiteRunnerWorker.run(SuiteRunnerWorker.java:86)
	at org.testng.TestNG.runSuitesSequentially(TestNG.java:1176)
	at org.testng.TestNG.runSuitesLocally(TestNG.java:1101)
	at org.testng.TestNG.run(TestNG.java:1009)
	at org.testng.remote.RemoteTestNG.run(RemoteTestNG.java:111)
	at org.testng.remote.RemoteTestNG.initAndRun(RemoteTestNG.java:204)
	at org.testng.remote.RemoteTestNG.main(RemoteTestNG.java:175)
</pre></div><a href='#' onClick='toggleBox("stack-trace23660417", this, "Click to show all stack frames", "Click to hide stack frames")'>Click to show all stack frames</a>
<div class='stack-trace' id='stack-trace23660417'><pre>org.openqa.selenium.NoSuchElementException: no such element
  (Session info: chrome=46.0.2490.80)
  (Driver info: chromedriver=2.15.322448 (52179c1b310fec1797c81ea9a20326839860b7d3),platform=Windows NT 6.1 SP1 x86) (WARNING: The server did not provide any stacktrace information)
Command duration or timeout: 2.33 seconds
For documentation on this error, please visit: http://seleniumhq.org/exceptions/no_such_element.html
Build info: version: &apos;2.43.0&apos;, revision: &apos;597b76b&apos;, time: &apos;2014-09-09 20:52:38&apos;
System info: host: &apos;01HW189758&apos;, ip: &apos;192.168.9.162&apos;, os.name: &apos;Windows 7&apos;, os.arch: &apos;x86&apos;, os.version: &apos;6.1&apos;, java.version: &apos;1.8.0_31&apos;
Driver info: org.openqa.selenium.chrome.ChromeDriver
Capabilities [{applicationCacheEnabled=false, rotatable=false, mobileEmulationEnabled=false, chrome={userDataDir=C:\Users\499290\AppData\Local\Temp\scoped_dir3952_10345}, takesHeapSnapshot=true, databaseEnabled=false, handlesAlerts=true, version=46.0.2490.80, platform=XP, browserConnectionEnabled=false, nativeEvents=true, acceptSslCerts=true, locationContextEnabled=true, webStorageEnabled=true, browserName=chrome, takesScreenshot=true, javascriptEnabled=true, cssSelectorsEnabled=true}]
Session ID: e36381f19233ca9d0e817580976bad75
	at sun.reflect.NativeConstructorAccessorImpl.newInstance0(Native Method)
	at sun.reflect.NativeConstructorAccessorImpl.newInstance(Unknown Source)
	at sun.reflect.DelegatingConstructorAccessorImpl.newInstance(Unknown Source)
	at java.lang.reflect.Constructor.newInstance(Unknown Source)
	at org.openqa.selenium.remote.ErrorHandler.createThrowable(ErrorHandler.java:204)
	at org.openqa.selenium.remote.ErrorHandler.throwIfResponseFailed(ErrorHandler.java:156)
	at org.openqa.selenium.remote.RemoteWebDriver.execute(RemoteWebDriver.java:599)
	at org.openqa.selenium.remote.RemoteWebDriver.findElement(RemoteWebDriver.java:352)
	at org.openqa.selenium.remote.RemoteWebDriver.findElementByLinkText(RemoteWebDriver.java:401)
	at org.openqa.selenium.By$ByLinkText.findElement(By.java:242)
	at org.openqa.selenium.remote.RemoteWebDriver.findElement(RemoteWebDriver.java:344)
	at MyPackage.CNAutoDemo.ChangeSubmissionDate(CNAutoDemo.java:1221)
	at sun.reflect.NativeMethodAccessorImpl.invoke0(Native Method)
	at sun.reflect.NativeMethodAccessorImpl.invoke(Unknown Source)
	at sun.reflect.DelegatingMethodAccessorImpl.invoke(Unknown Source)
	at java.lang.reflect.Method.invoke(Unknown Source)
	at org.testng.internal.MethodInvocationHelper.invokeMethod(MethodInvocationHelper.java:85)
	at org.testng.internal.Invoker.invokeMethod(Invoker.java:648)
	at org.testng.internal.Invoker.invokeTestMethod(Invoker.java:834)
	at org.testng.internal.Invoker.invokeTestMethods(Invoker.java:1142)
	at org.testng.internal.TestMethodWorker.invokeTestMethods(TestMethodWorker.java:124)
	at org.testng.internal.TestMethodWorker.run(TestMethodWorker.java:108)
	at org.testng.TestRunner.privateRun(TestRunner.java:771)
	at org.testng.TestRunner.run(TestRunner.java:621)
	at org.testng.SuiteRunner.runTest(SuiteRunner.java:357)
	at org.testng.SuiteRunner.runSequentially(SuiteRunner.java:352)
	at org.testng.SuiteRunner.privateRun(SuiteRunner.java:310)
	at org.testng.SuiteRunner.run(SuiteRunner.java:259)
	at org.testng.SuiteRunnerWorker.runSuite(SuiteRunnerWorker.java:52)
	at org.testng.SuiteRunnerWorker.run(SuiteRunnerWorker.java:86)
	at org.testng.TestNG.runSuitesSequentially(TestNG.java:1176)
	at org.testng.TestNG.runSuitesLocally(TestNG.java:1101)
	at org.testng.TestNG.run(TestNG.java:1009)
	at org.testng.remote.RemoteTestNG.run(RemoteTestNG.java:111)
	at org.testng.remote.RemoteTestNG.initAndRun(RemoteTestNG.java:204)
	at org.testng.remote.RemoteTestNG.main(RemoteTestNG.java:175)
</pre></div></td>
<td>9</td>
<td>MyPackage.CNAutoDemo@580929</td></tr>
<tr>
<td title='MyPackage.CNAutoDemo.StdImpactIndicator()'><b>StdImpactIndicator</b><br>Test class: MyPackage.CNAutoDemo<br/>
<a href="#Output-7283584" onClick='toggleBox("Output-7283584", this, "Show output", "Hide output");'>Show output</a>

<a href="#Output-7283584" onClick="toggleAllBoxes();">Show all outputs</a>
<div class='log' id="Output-7283584">
<a href="C:\Users\499290\Desktop\TF\screenshot\_StdImpactIndicator.png"><p align="left"> screenshot at Wed Oct 28 14:49:53 IST 2015</p><br/>
</div>
</td>
<td><div><pre>org.openqa.selenium.NoSuchElementException: Cannot locate option with index: 2
For documentation on this error, please visit: http://seleniumhq.org/exceptions/no_such_element.html
Build info: version: &apos;2.43.0&apos;, revision: &apos;597b76b&apos;, time: &apos;2014-09-09 20:52:38&apos;
System info: host: &apos;01HW189758&apos;, ip: &apos;192.168.9.162&apos;, os.name: &apos;Windows 7&apos;, os.arch: &apos;x86&apos;, os.version: &apos;6.1&apos;, java.version: &apos;1.8.0_31&apos;
Driver info: driver.version: unknown
	at org.openqa.selenium.support.ui.Select.selectByIndex(Select.java:183)
	at MyPackage.CNAutoDemo.StdImpactIndicator(CNAutoDemo.java:448)
	at sun.reflect.NativeMethodAccessorImpl.invoke0(Native Method)
	at sun.reflect.NativeMethodAccessorImpl.invoke(Unknown Source)
	at sun.reflect.DelegatingMethodAccessorImpl.invoke(Unknown Source)
	at java.lang.reflect.Method.invoke(Unknown Source)
	at org.testng.internal.MethodInvocationHelper.invokeMethod(MethodInvocationHelper.java:85)
	at org.testng.internal.Invoker.invokeMethod(Invoker.java:648)
	at org.testng.internal.Invoker.invokeTestMethod(Invoker.java:834)
	at org.testng.internal.Invoker.invokeTestMethods(Invoker.java:1142)
	at org.testng.internal.TestMethodWorker.invokeTestMethods(TestMethodWorker.java:124)
	at org.testng.internal.TestMethodWorker.run(TestMethodWorker.java:108)
	at org.testng.TestRunner.privateRun(TestRunner.java:771)
	at org.testng.TestRunner.run(TestRunner.java:621)
	at org.testng.SuiteRunner.runTest(SuiteRunner.java:357)
	at org.testng.SuiteRunner.runSequentially(SuiteRunner.java:352)
	at org.testng.SuiteRunner.privateRun(SuiteRunner.java:310)
	at org.testng.SuiteRunner.run(SuiteRunner.java:259)
	at org.testng.SuiteRunnerWorker.runSuite(SuiteRunnerWorker.java:52)
	at org.testng.SuiteRunnerWorker.run(SuiteRunnerWorker.java:86)
	at org.testng.TestNG.runSuitesSequentially(TestNG.java:1176)
	at org.testng.TestNG.runSuitesLocally(TestNG.java:1101)
	at org.testng.TestNG.run(TestNG.java:1009)
	at org.testng.remote.RemoteTestNG.run(RemoteTestNG.java:111)
	at org.testng.remote.RemoteTestNG.initAndRun(RemoteTestNG.java:204)
	at org.testng.remote.RemoteTestNG.main(RemoteTestNG.java:175)
</pre></div><a href='#' onClick='toggleBox("stack-trace7283584", this, "Click to show all stack frames", "Click to hide stack frames")'>Click to show all stack frames</a>
<div class='stack-trace' id='stack-trace7283584'><pre>org.openqa.selenium.NoSuchElementException: Cannot locate option with index: 2
For documentation on this error, please visit: http://seleniumhq.org/exceptions/no_such_element.html
Build info: version: &apos;2.43.0&apos;, revision: &apos;597b76b&apos;, time: &apos;2014-09-09 20:52:38&apos;
System info: host: &apos;01HW189758&apos;, ip: &apos;192.168.9.162&apos;, os.name: &apos;Windows 7&apos;, os.arch: &apos;x86&apos;, os.version: &apos;6.1&apos;, java.version: &apos;1.8.0_31&apos;
Driver info: driver.version: unknown
	at org.openqa.selenium.support.ui.Select.selectByIndex(Select.java:183)
	at MyPackage.CNAutoDemo.StdImpactIndicator(CNAutoDemo.java:448)
	at sun.reflect.NativeMethodAccessorImpl.invoke0(Native Method)
	at sun.reflect.NativeMethodAccessorImpl.invoke(Unknown Source)
	at sun.reflect.DelegatingMethodAccessorImpl.invoke(Unknown Source)
	at java.lang.reflect.Method.invoke(Unknown Source)
	at org.testng.internal.MethodInvocationHelper.invokeMethod(MethodInvocationHelper.java:85)
	at org.testng.internal.Invoker.invokeMethod(Invoker.java:648)
	at org.testng.internal.Invoker.invokeTestMethod(Invoker.java:834)
	at org.testng.internal.Invoker.invokeTestMethods(Invoker.java:1142)
	at org.testng.internal.TestMethodWorker.invokeTestMethods(TestMethodWorker.java:124)
	at org.testng.internal.TestMethodWorker.run(TestMethodWorker.java:108)
	at org.testng.TestRunner.privateRun(TestRunner.java:771)
	at org.testng.TestRunner.run(TestRunner.java:621)
	at org.testng.SuiteRunner.runTest(SuiteRunner.java:357)
	at org.testng.SuiteRunner.runSequentially(SuiteRunner.java:352)
	at org.testng.SuiteRunner.privateRun(SuiteRunner.java:310)
	at org.testng.SuiteRunner.run(SuiteRunner.java:259)
	at org.testng.SuiteRunnerWorker.runSuite(SuiteRunnerWorker.java:52)
	at org.testng.SuiteRunnerWorker.run(SuiteRunnerWorker.java:86)
	at org.testng.TestNG.runSuitesSequentially(TestNG.java:1176)
	at org.testng.TestNG.runSuitesLocally(TestNG.java:1101)
	at org.testng.TestNG.run(TestNG.java:1009)
	at org.testng.remote.RemoteTestNG.run(RemoteTestNG.java:111)
	at org.testng.remote.RemoteTestNG.initAndRun(RemoteTestNG.java:204)
	at org.testng.remote.RemoteTestNG.main(RemoteTestNG.java:175)
</pre></div></td>
<td>34</td>
<td>MyPackage.CNAutoDemo@580929</td></tr>
<tr>
<td title='MyPackage.CNAutoDemo.StdOutcomeIndicator()'><b>StdOutcomeIndicator</b><br>Test class: MyPackage.CNAutoDemo<br/>
<a href="#Output-4961371" onClick='toggleBox("Output-4961371", this, "Show output", "Hide output");'>Show output</a>

<a href="#Output-4961371" onClick="toggleAllBoxes();">Show all outputs</a>
<div class='log' id="Output-4961371">
<a href="C:\Users\499290\Desktop\TF\screenshot\_StdOutcomeIndicator.png"><p align="left"> screenshot at Wed Oct 28 14:52:03 IST 2015</p><br/>
</div>
</td>
<td><div><pre>org.openqa.selenium.NoSuchElementException: Cannot locate option with index: 2
For documentation on this error, please visit: http://seleniumhq.org/exceptions/no_such_element.html
Build info: version: &apos;2.43.0&apos;, revision: &apos;597b76b&apos;, time: &apos;2014-09-09 20:52:38&apos;
System info: host: &apos;01HW189758&apos;, ip: &apos;192.168.9.162&apos;, os.name: &apos;Windows 7&apos;, os.arch: &apos;x86&apos;, os.version: &apos;6.1&apos;, java.version: &apos;1.8.0_31&apos;
Driver info: driver.version: unknown
	at org.openqa.selenium.support.ui.Select.selectByIndex(Select.java:183)
	at MyPackage.CNAutoDemo.StdOutcomeIndicator(CNAutoDemo.java:725)
	at sun.reflect.NativeMethodAccessorImpl.invoke0(Native Method)
	at sun.reflect.NativeMethodAccessorImpl.invoke(Unknown Source)
	at sun.reflect.DelegatingMethodAccessorImpl.invoke(Unknown Source)
	at java.lang.reflect.Method.invoke(Unknown Source)
	at org.testng.internal.MethodInvocationHelper.invokeMethod(MethodInvocationHelper.java:85)
	at org.testng.internal.Invoker.invokeMethod(Invoker.java:648)
	at org.testng.internal.Invoker.invokeTestMethod(Invoker.java:834)
	at org.testng.internal.Invoker.invokeTestMethods(Invoker.java:1142)
	at org.testng.internal.TestMethodWorker.invokeTestMethods(TestMethodWorker.java:124)
	at org.testng.internal.TestMethodWorker.run(TestMethodWorker.java:108)
	at org.testng.TestRunner.privateRun(TestRunner.java:771)
	at org.testng.TestRunner.run(TestRunner.java:621)
	at org.testng.SuiteRunner.runTest(SuiteRunner.java:357)
	at org.testng.SuiteRunner.runSequentially(SuiteRunner.java:352)
	at org.testng.SuiteRunner.privateRun(SuiteRunner.java:310)
	at org.testng.SuiteRunner.run(SuiteRunner.java:259)
	at org.testng.SuiteRunnerWorker.runSuite(SuiteRunnerWorker.java:52)
	at org.testng.SuiteRunnerWorker.run(SuiteRunnerWorker.java:86)
	at org.testng.TestNG.runSuitesSequentially(TestNG.java:1176)
	at org.testng.TestNG.runSuitesLocally(TestNG.java:1101)
	at org.testng.TestNG.run(TestNG.java:1009)
	at org.testng.remote.RemoteTestNG.run(RemoteTestNG.java:111)
	at org.testng.remote.RemoteTestNG.initAndRun(RemoteTestNG.java:204)
	at org.testng.remote.RemoteTestNG.main(RemoteTestNG.java:175)
</pre></div><a href='#' onClick='toggleBox("stack-trace4961371", this, "Click to show all stack frames", "Click to hide stack frames")'>Click to show all stack frames</a>
<div class='stack-trace' id='stack-trace4961371'><pre>org.openqa.selenium.NoSuchElementException: Cannot locate option with index: 2
For documentation on this error, please visit: http://seleniumhq.org/exceptions/no_such_element.html
Build info: version: &apos;2.43.0&apos;, revision: &apos;597b76b&apos;, time: &apos;2014-09-09 20:52:38&apos;
System info: host: &apos;01HW189758&apos;, ip: &apos;192.168.9.162&apos;, os.name: &apos;Windows 7&apos;, os.arch: &apos;x86&apos;, os.version: &apos;6.1&apos;, java.version: &apos;1.8.0_31&apos;
Driver info: driver.version: unknown
	at org.openqa.selenium.support.ui.Select.selectByIndex(Select.java:183)
	at MyPackage.CNAutoDemo.StdOutcomeIndicator(CNAutoDemo.java:725)
	at sun.reflect.NativeMethodAccessorImpl.invoke0(Native Method)
	at sun.reflect.NativeMethodAccessorImpl.invoke(Unknown Source)
	at sun.reflect.DelegatingMethodAccessorImpl.invoke(Unknown Source)
	at java.lang.reflect.Method.invoke(Unknown Source)
	at org.testng.internal.MethodInvocationHelper.invokeMethod(MethodInvocationHelper.java:85)
	at org.testng.internal.Invoker.invokeMethod(Invoker.java:648)
	at org.testng.internal.Invoker.invokeTestMethod(Invoker.java:834)
	at org.testng.internal.Invoker.invokeTestMethods(Invoker.java:1142)
	at org.testng.internal.TestMethodWorker.invokeTestMethods(TestMethodWorker.java:124)
	at org.testng.internal.TestMethodWorker.run(TestMethodWorker.java:108)
	at org.testng.TestRunner.privateRun(TestRunner.java:771)
	at org.testng.TestRunner.run(TestRunner.java:621)
	at org.testng.SuiteRunner.runTest(SuiteRunner.java:357)
	at org.testng.SuiteRunner.runSequentially(SuiteRunner.java:352)
	at org.testng.SuiteRunner.privateRun(SuiteRunner.java:310)
	at org.testng.SuiteRunner.run(SuiteRunner.java:259)
	at org.testng.SuiteRunnerWorker.runSuite(SuiteRunnerWorker.java:52)
	at org.testng.SuiteRunnerWorker.run(SuiteRunnerWorker.java:86)
	at org.testng.TestNG.runSuitesSequentially(TestNG.java:1176)
	at org.testng.TestNG.runSuitesLocally(TestNG.java:1101)
	at org.testng.TestNG.run(TestNG.java:1009)
	at org.testng.remote.RemoteTestNG.run(RemoteTestNG.java:111)
	at org.testng.remote.RemoteTestNG.initAndRun(RemoteTestNG.java:204)
	at org.testng.remote.RemoteTestNG.main(RemoteTestNG.java:175)
</pre></div></td>
<td>35</td>
<td>MyPackage.CNAutoDemo@580929</td></tr>
<tr>
<td title='MyPackage.CNAutoDemo.VerificationOfOverviewPage()'><b>VerificationOfOverviewPage</b><br>Test class: MyPackage.CNAutoDemo<br/>
<a href="#Output-9624292" onClick='toggleBox("Output-9624292", this, "Show output", "Hide output");'>Show output</a>

<a href="#Output-9624292" onClick="toggleAllBoxes();">Show all outputs</a>
<div class='log' id="Output-9624292">
<a href="C:\Users\499290\Desktop\TF\screenshot\_VerificationOfOverviewPage.png"><p align="left"> screenshot at Wed Oct 28 14:43:15 IST 2015</p><br/>
</div>
</td>
<td><div><pre>java.lang.AssertionError: expected [Global Fund Grant Management Portal] but found [salesforce.com - Enterprise Edition]
	at org.testng.Assert.fail(Assert.java:94)
	at org.testng.Assert.failNotEquals(Assert.java:496)
	at org.testng.Assert.assertEquals(Assert.java:125)
	at org.testng.Assert.assertEquals(Assert.java:178)
	at org.testng.Assert.assertEquals(Assert.java:188)
	at MyPackage.CNAutoDemo.VerificationOfOverviewPage(CNAutoDemo.java:86)
	at sun.reflect.NativeMethodAccessorImpl.invoke0(Native Method)
	at sun.reflect.NativeMethodAccessorImpl.invoke(Unknown Source)
	at sun.reflect.DelegatingMethodAccessorImpl.invoke(Unknown Source)
	at java.lang.reflect.Method.invoke(Unknown Source)
	at org.testng.internal.MethodInvocationHelper.invokeMethod(MethodInvocationHelper.java:85)
	at org.testng.internal.Invoker.invokeMethod(Invoker.java:648)
	at org.testng.internal.Invoker.invokeTestMethod(Invoker.java:834)
	at org.testng.internal.Invoker.invokeTestMethods(Invoker.java:1142)
	at org.testng.internal.TestMethodWorker.invokeTestMethods(TestMethodWorker.java:124)
	at org.testng.internal.TestMethodWorker.run(TestMethodWorker.java:108)
	at org.testng.TestRunner.privateRun(TestRunner.java:771)
	at org.testng.TestRunner.run(TestRunner.java:621)
	at org.testng.SuiteRunner.runTest(SuiteRunner.java:357)
	at org.testng.SuiteRunner.runSequentially(SuiteRunner.java:352)
	at org.testng.SuiteRunner.privateRun(SuiteRunner.java:310)
	at org.testng.SuiteRunner.run(SuiteRunner.java:259)
	at org.testng.SuiteRunnerWorker.runSuite(SuiteRunnerWorker.java:52)
	at org.testng.SuiteRunnerWorker.run(SuiteRunnerWorker.java:86)
	at org.testng.TestNG.runSuitesSequentially(TestNG.java:1176)
	at org.testng.TestNG.runSuitesLocally(TestNG.java:1101)
	at org.testng.TestNG.run(TestNG.java:1009)
	at org.testng.remote.RemoteTestNG.run(RemoteTestNG.java:111)
	at org.testng.remote.RemoteTestNG.initAndRun(RemoteTestNG.java:204)
	at org.testng.remote.RemoteTestNG.main(RemoteTestNG.java:175)
</pre></div><a href='#' onClick='toggleBox("stack-trace9624292", this, "Click to show all stack frames", "Click to hide stack frames")'>Click to show all stack frames</a>
<div class='stack-trace' id='stack-trace9624292'><pre>java.lang.AssertionError: expected [Global Fund Grant Management Portal] but found [salesforce.com - Enterprise Edition]
	at org.testng.Assert.fail(Assert.java:94)
	at org.testng.Assert.failNotEquals(Assert.java:496)
	at org.testng.Assert.assertEquals(Assert.java:125)
	at org.testng.Assert.assertEquals(Assert.java:178)
	at org.testng.Assert.assertEquals(Assert.java:188)
	at MyPackage.CNAutoDemo.VerificationOfOverviewPage(CNAutoDemo.java:86)
	at sun.reflect.NativeMethodAccessorImpl.invoke0(Native Method)
	at sun.reflect.NativeMethodAccessorImpl.invoke(Unknown Source)
	at sun.reflect.DelegatingMethodAccessorImpl.invoke(Unknown Source)
	at java.lang.reflect.Method.invoke(Unknown Source)
	at org.testng.internal.MethodInvocationHelper.invokeMethod(MethodInvocationHelper.java:85)
	at org.testng.internal.Invoker.invokeMethod(Invoker.java:648)
	at org.testng.internal.Invoker.invokeTestMethod(Invoker.java:834)
	at org.testng.internal.Invoker.invokeTestMethods(Invoker.java:1142)
	at org.testng.internal.TestMethodWorker.invokeTestMethods(TestMethodWorker.java:124)
	at org.testng.internal.TestMethodWorker.run(TestMethodWorker.java:108)
	at org.testng.TestRunner.privateRun(TestRunner.java:771)
	at org.testng.TestRunner.run(TestRunner.java:621)
	at org.testng.SuiteRunner.runTest(SuiteRunner.java:357)
	at org.testng.SuiteRunner.runSequentially(SuiteRunner.java:352)
	at org.testng.SuiteRunner.privateRun(SuiteRunner.java:310)
	at org.testng.SuiteRunner.run(SuiteRunner.java:259)
	at org.testng.SuiteRunnerWorker.runSuite(SuiteRunnerWorker.java:52)
	at org.testng.SuiteRunnerWorker.run(SuiteRunnerWorker.java:86)
	at org.testng.TestNG.runSuitesSequentially(TestNG.java:1176)
	at org.testng.TestNG.runSuitesLocally(TestNG.java:1101)
	at org.testng.TestNG.run(TestNG.java:1009)
	at org.testng.remote.RemoteTestNG.run(RemoteTestNG.java:111)
	at org.testng.remote.RemoteTestNG.initAndRun(RemoteTestNG.java:204)
	at org.testng.remote.RemoteTestNG.main(RemoteTestNG.java:175)
</pre></div></td>
<td>0</td>
<td>MyPackage.CNAutoDemo@580929</td></tr>
</table><p>
<table width='100%' border='1' class='invocation-passed'>
<tr><td colspan='4' align='center'><b>PASSED TESTS</b></td></tr>
<tr><td><b>Test method</b></td>
<td width="30%"><b>Exception</b></td>
<td width="10%"><b>Time (seconds)</b></td>
<td><b>Instance</b></td>
</tr>
<tr>
<td title='MyPackage.CNAutoDemo.AddIntervention()'><b>AddIntervention</b><br>Test class: MyPackage.CNAutoDemo<br/>
<a href="#Output-23977245" onClick='toggleBox("Output-23977245", this, "Show output", "Hide output");'>Show output</a>

<a href="#Output-23977245" onClick="toggleAllBoxes();">Show all outputs</a>
<div class='log' id="Output-23977245">
<a href="C:\Users\499290\Desktop\TF\screenshot\_AddIntervention.png"><p align="left"> screenshot at Wed Oct 28 14:46:44 IST 2015</p><br/>
</div>
</td>
<td></td>
<td>54</td>
<td>MyPackage.CNAutoDemo@580929</td></tr>
<tr>
<td title='MyPackage.CNAutoDemo.AddModule()'><b>AddModule</b><br>Test class: MyPackage.CNAutoDemo<br/>
<a href="#Output-29004499" onClick='toggleBox("Output-29004499", this, "Show output", "Hide output");'>Show output</a>

<a href="#Output-29004499" onClick="toggleAllBoxes();">Show all outputs</a>
<div class='log' id="Output-29004499">
<a href="C:\Users\499290\Desktop\TF\screenshot\_AddModule.png"><p align="left"> screenshot at Wed Oct 28 14:45:49 IST 2015</p><br/>
</div>
</td>
<td></td>
<td>26</td>
<td>MyPackage.CNAutoDemo@580929</td></tr>
<tr>
<td title='MyPackage.CNAutoDemo.AddPRintervention()'><b>AddPRintervention</b><br>Test class: MyPackage.CNAutoDemo<br/>
<a href="#Output-15914058" onClick='toggleBox("Output-15914058", this, "Show output", "Hide output");'>Show output</a>

<a href="#Output-15914058" onClick="toggleAllBoxes();">Show all outputs</a>
<div class='log' id="Output-15914058">
<a href="C:\Users\499290\Desktop\TF\screenshot\_AddPRintervention.png"><p align="left"> screenshot at Wed Oct 28 14:47:11 IST 2015</p><br/>
</div>
</td>
<td></td>
<td>26</td>
<td>MyPackage.CNAutoDemo@580929</td></tr>
<tr>
<td title='MyPackage.CNAutoDemo.CustomImpactInd()'><b>CustomImpactInd</b><br>Test class: MyPackage.CNAutoDemo<br/>
<a href="#Output-8503669" onClick='toggleBox("Output-8503669", this, "Show output", "Hide output");'>Show output</a>

<a href="#Output-8503669" onClick="toggleAllBoxes();">Show all outputs</a>
<div class='log' id="Output-8503669">
<a href="C:\Users\499290\Desktop\TF\screenshot\_CustomImpactInd.png"><p align="left"> screenshot at Wed Oct 28 14:50:33 IST 2015</p><br/>
</div>
</td>
<td></td>
<td>39</td>
<td>MyPackage.CNAutoDemo@580929</td></tr>
<tr>
<td title='MyPackage.CNAutoDemo.CustomOutcomeInd()'><b>CustomOutcomeInd</b><br>Test class: MyPackage.CNAutoDemo<br/>
<a href="#Output-4794326" onClick='toggleBox("Output-4794326", this, "Show output", "Hide output");'>Show output</a>

<a href="#Output-4794326" onClick="toggleAllBoxes();">Show all outputs</a>
<div class='log' id="Output-4794326">
<a href="C:\Users\499290\Desktop\TF\screenshot\_CustomOutcomeInd.png"><p align="left"> screenshot at Wed Oct 28 14:53:13 IST 2015</p><br/>
</div>
</td>
<td></td>
<td>68</td>
<td>MyPackage.CNAutoDemo@580929</td></tr>
<tr>
<td title='MyPackage.CNAutoDemo.DeleteIntervention()'><b>DeleteIntervention</b><br>Test class: MyPackage.CNAutoDemo<br/>
<a href="#Output-1775946" onClick='toggleBox("Output-1775946", this, "Show output", "Hide output");'>Show output</a>

<a href="#Output-1775946" onClick="toggleAllBoxes();">Show all outputs</a>
<div class='log' id="Output-1775946">
<a href="C:\Users\499290\Desktop\TF\screenshot\_DeleteIntervention.png"><p align="left"> screenshot at Wed Oct 28 14:48:08 IST 2015</p><br/>
</div>
</td>
<td></td>
<td>36</td>
<td>MyPackage.CNAutoDemo@580929</td></tr>
<tr>
<td title='MyPackage.CNAutoDemo.DeleteInterventionPR()'><b>DeleteInterventionPR</b><br>Test class: MyPackage.CNAutoDemo<br/>
<a href="#Output-30684319" onClick='toggleBox("Output-30684319", this, "Show output", "Hide output");'>Show output</a>

<a href="#Output-30684319" onClick="toggleAllBoxes();">Show all outputs</a>
<div class='log' id="Output-30684319">
<a href="C:\Users\499290\Desktop\TF\screenshot\_DeleteInterventionPR.png"><p align="left"> screenshot at Wed Oct 28 14:47:32 IST 2015</p><br/>
</div>
</td>
<td></td>
<td>20</td>
<td>MyPackage.CNAutoDemo@580929</td></tr>
<tr>
<td title='MyPackage.CNAutoDemo.DeleteModule()'><b>DeleteModule</b><br>Test class: MyPackage.CNAutoDemo<br/>
<a href="#Output-26515953" onClick='toggleBox("Output-26515953", this, "Show output", "Hide output");'>Show output</a>

<a href="#Output-26515953" onClick="toggleAllBoxes();">Show all outputs</a>
<div class='log' id="Output-26515953">
<a href="C:\Users\499290\Desktop\TF\screenshot\_DeleteModule.png"><p align="left"> screenshot at Wed Oct 28 14:48:27 IST 2015</p><br/>
</div>
</td>
<td></td>
<td>18</td>
<td>MyPackage.CNAutoDemo@580929</td></tr>
<tr>
<td title='MyPackage.CNAutoDemo.GoalCreation()'><b>GoalCreation</b><br>Test class: MyPackage.CNAutoDemo<br/>
<a href="#Output-27968647" onClick='toggleBox("Output-27968647", this, "Show output", "Hide output");'>Show output</a>

<a href="#Output-27968647" onClick="toggleAllBoxes();">Show all outputs</a>
<div class='log' id="Output-27968647">
<a href="C:\Users\499290\Desktop\TF\screenshot\_GoalCreation.png"><p align="left"> screenshot at Wed Oct 28 14:49:17 IST 2015</p><br/>
</div>
</td>
<td></td>
<td>45</td>
<td>MyPackage.CNAutoDemo@580929</td></tr>
<tr>
<td title='MyPackage.CNAutoDemo.Login()'><b>Login</b><br>Test class: MyPackage.CNAutoDemo<br/>
<a href="#Output-9515477" onClick='toggleBox("Output-9515477", this, "Show output", "Hide output");'>Show output</a>

<a href="#Output-9515477" onClick="toggleAllBoxes();">Show all outputs</a>
<div class='log' id="Output-9515477">
<a href="C:\Users\499290\Desktop\TF\screenshot\_Login.png"><p align="left"> screenshot at Wed Oct 28 14:43:14 IST 2015</p><br/>
</div>
</td>
<td></td>
<td>27</td>
<td>MyPackage.CNAutoDemo@580929</td></tr>
<tr>
<td title='MyPackage.CNAutoDemo.ObjectiveCreation()'><b>ObjectiveCreation</b><br>Test class: MyPackage.CNAutoDemo<br/>
<a href="#Output-18612318" onClick='toggleBox("Output-18612318", this, "Show output", "Hide output");'>Show output</a>

<a href="#Output-18612318" onClick="toggleAllBoxes();">Show all outputs</a>
<div class='log' id="Output-18612318">
<a href="C:\Users\499290\Desktop\TF\screenshot\_ObjectiveCreation.png"><p align="left"> screenshot at Wed Oct 28 14:51:27 IST 2015</p><br/>
</div>
</td>
<td></td>
<td>53</td>
<td>MyPackage.CNAutoDemo@580929</td></tr>
<tr>
<td title='MyPackage.CNAutoDemo.SubmitCN()'><b>SubmitCN</b><br>Test class: MyPackage.CNAutoDemo<br/>
<a href="#Output-33229839" onClick='toggleBox("Output-33229839", this, "Show output", "Hide output");'>Show output</a>

<a href="#Output-33229839" onClick="toggleAllBoxes();">Show all outputs</a>
<div class='log' id="Output-33229839">
<a href="C:\Users\499290\Desktop\TF\screenshot\_SubmitCN.png"><p align="left"> screenshot at Wed Oct 28 14:54:38 IST 2015</p><br/>
</div>
</td>
<td></td>
<td>17</td>
<td>MyPackage.CNAutoDemo@580929</td></tr>
<tr>
<td title='MyPackage.CNAutoDemo.TRPDateRegister()'><b>TRPDateRegister</b><br>Test class: MyPackage.CNAutoDemo<br/>
<a href="#Output-33302155" onClick='toggleBox("Output-33302155", this, "Show output", "Hide output");'>Show output</a>

<a href="#Output-33302155" onClick="toggleAllBoxes();">Show all outputs</a>
<div class='log' id="Output-33302155">
<a href="C:\Users\499290\Desktop\TF\screenshot\_TRPDateRegister.png"><p align="left"> screenshot at Wed Oct 28 14:43:49 IST 2015</p><br/>
</div>
</td>
<td></td>
<td>23</td>
<td>MyPackage.CNAutoDemo@580929</td></tr>
<tr>
<td title='MyPackage.CNAutoDemo.UploadFile()'><b>UploadFile</b><br>Test class: MyPackage.CNAutoDemo<br/>
<a href="#Output-22768300" onClick='toggleBox("Output-22768300", this, "Show output", "Hide output");'>Show output</a>

<a href="#Output-22768300" onClick="toggleAllBoxes();">Show all outputs</a>
<div class='log' id="Output-22768300">
<a href="C:\Users\499290\Desktop\TF\screenshot\_UploadFile.png"><p align="left"> screenshot at Wed Oct 28 14:45:22 IST 2015</p><br/>
</div>
</td>
<td></td>
<td>88</td>
<td>MyPackage.CNAutoDemo@580929</td></tr>
</table><p>
</body>
</html>