<!DOCTYPE html PUBLIC "-//W3C//DTD XHTML 1.1//EN" "http://www.w3.org/TR/xhtml11/DTD/xhtml11.dtd">
<html xmlns="http://www.w3.org/1999/xhtml"><head><title>TestNG Report</title><style type="text/css">table {margin-bottom:10px;border-collapse:collapse;empty-cells:show}th,td {border:1px solid #009;padding:.25em .5em}th {vertical-align:bottom}td {vertical-align:top}table a {font-weight:bold}.stripe td {background-color: #E6EBF9}.num {text-align:right}.passedodd td {background-color: #3F3}.passedeven td {background-color: #0A0}.skippedodd td {background-color: #DDD}.skippedeven td {background-color: #CCC}.failedodd td,.attn {background-color: #F33}.failedeven td,.stripe .attn {background-color: #D00}.stacktrace {white-space:pre;font-family:monospace}.totop {font-size:85%;text-align:center;border-bottom:2px solid #000}</style></head><body><table><tr><th>Test</th><th># Passed</th><th># Skipped</th><th># Failed</th><th>Time (ms)</th><th>Included Groups</th><th>Excluded Groups</th></tr><tr><th colspan="7">Default suite</th></tr><tr><td><a href="#t0">Test</a></td><td class="num">9</td><td class="num">0</td><td class="num attn">6</td><td class="num">676,954</td><td></td><td></td></tr></table><table><thead><tr><th>Class</th><th>Method</th><th>Start</th><th>Time (ms)</th></tr></thead><tbody><tr><th colspan="4">Default suite</th></tr></tbody><tbody id="t0"><tr><th colspan="4">Test &#8212; failed</th></tr><tr class="failedeven"><td rowspan="6">MyPackage.CNRegressionAutomation</td><td><a href="#m0">AddModule</a></td><td rowspan="1">1446556645090</td><td rowspan="1">33549</td></tr><tr class="failedeven"><td><a href="#m1">CTEditChk</a></td><td rowspan="1">1446556835377</td><td rowspan="1">60512</td></tr><tr class="failedeven"><td><a href="#m2">FinalCTReview</a></td><td rowspan="1">1446556924233</td><td rowspan="1">7766</td></tr><tr class="failedeven"><td><a href="#m3">FinalTranslationReview</a></td><td rowspan="1">1446556932441</td><td rowspan="1">77809</td></tr><tr class="failedeven"><td><a href="#m4">IterationScenarios</a></td><td rowspan="1">1446557148490</td><td rowspan="1">91</td></tr><tr class="failedeven"><td><a href="#m5">VerificationOfOverviewPage</a></td><td rowspan="1">1446556548778</td><td rowspan="1">321</td></tr><tr><th colspan="4">Test &#8212; passed</th></tr><tr class="passedeven"><td rowspan="9">MyPackage.CNRegressionAutomation</td><td><a href="#m6">CCMEditChk</a></td><td rowspan="1">1446556692170</td><td rowspan="1">142341</td></tr><tr class="passedeven"><td><a href="#m7">CCMEditChkAfterCTReview</a></td><td rowspan="1">1446557010736</td><td rowspan="1">137245</td></tr><tr class="passedeven"><td><a href="#m8">CTLogin</a></td><td rowspan="1">1446556896293</td><td rowspan="1">23368</td></tr><tr class="passedeven"><td><a href="#m9">CTPositiveAssessment</a></td><td rowspan="1">1446556576391</td><td rowspan="1">68256</td></tr><tr class="passedeven"><td><a href="#m10">ItrNotSubmittedEditChk</a></td><td rowspan="1">1446557149339</td><td rowspan="1">17598</td></tr><tr class="passedeven"><td><a href="#m11">Login</a></td><td rowspan="1">1446556511422</td><td rowspan="1">34818</td></tr><tr class="passedeven"><td><a href="#m12">SubmitCN</a></td><td rowspan="1">1446556679136</td><td rowspan="1">12504</td></tr><tr class="passedeven"><td><a href="#m13">SubmitItrCN</a></td><td rowspan="1">1446557167418</td><td rowspan="1">19230</td></tr><tr class="passedeven"><td><a href="#m14">TRPDateRegister</a></td><td rowspan="1">1446556549778</td><td rowspan="1">25857</td></tr></tbody></table><h2>Test</h2><h3 id="m0">MyPackage.CNRegressionAutomation#AddModule</h3><table class="result"><tr><th>Messages</th></tr><tr><td><div class="messages">&lt;a href=&quot;C:\Users\499290\Desktop\TF\screenshot\_AddModule.png&quot;&gt;&lt;p align=&quot;left&quot;&gt; screenshot at Tue Nov 03 18:47:59 IST 2015&lt;/p&gt;</div></td></tr><tr><th>Exception</th></tr><tr><td><div class="stacktrace">org.openqa.selenium.NoSuchElementException: no such element
  (Session info: chrome=46.0.2490.80)
  (Driver info: chromedriver=2.15.322448 (52179c1b310fec1797c81ea9a20326839860b7d3),platform=Windows NT 6.1 SP1 x86) (WARNING: The server did not provide any stacktrace information)
Command duration or timeout: 90 milliseconds
For documentation on this error, please visit: http://seleniumhq.org/exceptions/no_such_element.html
Build info: version: &apos;2.47.1&apos;, revision: &apos;411b314&apos;, time: &apos;2015-07-30 02:56:46&apos;
System info: host: &apos;01HW189957&apos;, ip: &apos;192.168.9.188&apos;, os.name: &apos;Windows 7&apos;, os.arch: &apos;x86&apos;, os.version: &apos;6.1&apos;, java.version: &apos;1.7.0_25&apos;
*** Element info: {Using=name, value=page:frm:j_id204:1:j_id206}
Session ID: f0e33d41c20ab2bbe43c1656ddf4dc34
Driver info: org.openqa.selenium.chrome.ChromeDriver
Capabilities [{platform=XP, acceptSslCerts=true, javascriptEnabled=true, browserName=chrome, chrome={userDataDir=C:\Users\554525\AppData\Local\Temp\scoped_dir6220_273}, rotatable=false, locationContextEnabled=true, mobileEmulationEnabled=false, version=46.0.2490.80, takesHeapSnapshot=true, cssSelectorsEnabled=true, databaseEnabled=false, handlesAlerts=true, browserConnectionEnabled=false, webStorageEnabled=true, nativeEvents=true, applicationCacheEnabled=false, takesScreenshot=true}]
	at sun.reflect.NativeConstructorAccessorImpl.newInstance0(Native Method)
	at sun.reflect.NativeConstructorAccessorImpl.newInstance(Unknown Source)
	at sun.reflect.DelegatingConstructorAccessorImpl.newInstance(Unknown Source)
	at java.lang.reflect.Constructor.newInstance(Unknown Source)
	at org.openqa.selenium.remote.ErrorHandler.createThrowable(ErrorHandler.java:206)
	at org.openqa.selenium.remote.ErrorHandler.throwIfResponseFailed(ErrorHandler.java:158)
	at org.openqa.selenium.remote.RemoteWebDriver.execute(RemoteWebDriver.java:595)
	at org.openqa.selenium.remote.RemoteWebDriver.findElement(RemoteWebDriver.java:348)
	at org.openqa.selenium.remote.RemoteWebDriver.findElementByName(RemoteWebDriver.java:421)
	at org.openqa.selenium.By$ByName.findElement(By.java:300)
	at org.openqa.selenium.remote.RemoteWebDriver.findElement(RemoteWebDriver.java:340)
	at MyPackage.CNRegressionAutomation.AddModule(CNRegressionAutomation.java:317)
	at sun.reflect.NativeMethodAccessorImpl.invoke0(Native Method)
	at sun.reflect.NativeMethodAccessorImpl.invoke(Unknown Source)
	at sun.reflect.DelegatingMethodAccessorImpl.invoke(Unknown Source)
	at java.lang.reflect.Method.invoke(Unknown Source)
	at org.testng.internal.MethodInvocationHelper.invokeMethod(MethodInvocationHelper.java:85)
	at org.testng.internal.Invoker.invokeMethod(Invoker.java:639)
	at org.testng.internal.Invoker.invokeTestMethod(Invoker.java:816)
	at org.testng.internal.Invoker.invokeTestMethods(Invoker.java:1124)
	at org.testng.internal.TestMethodWorker.invokeTestMethods(TestMethodWorker.java:125)
	at org.testng.internal.TestMethodWorker.run(TestMethodWorker.java:108)
	at org.testng.TestRunner.privateRun(TestRunner.java:774)
	at org.testng.TestRunner.run(TestRunner.java:624)
	at org.testng.SuiteRunner.runTest(SuiteRunner.java:359)
	at org.testng.SuiteRunner.runSequentially(SuiteRunner.java:354)
	at org.testng.SuiteRunner.privateRun(SuiteRunner.java:312)
	at org.testng.SuiteRunner.run(SuiteRunner.java:261)
	at org.testng.SuiteRunnerWorker.runSuite(SuiteRunnerWorker.java:52)
	at org.testng.SuiteRunnerWorker.run(SuiteRunnerWorker.java:86)
	at org.testng.TestNG.runSuitesSequentially(TestNG.java:1215)
	at org.testng.TestNG.runSuitesLocally(TestNG.java:1140)
	at org.testng.TestNG.run(TestNG.java:1048)
	at org.testng.remote.RemoteTestNG.run(RemoteTestNG.java:112)
	at org.testng.remote.RemoteTestNG.initAndRun(RemoteTestNG.java:205)
	at org.testng.remote.RemoteTestNG.main(RemoteTestNG.java:176)
</div></td></tr></table><p class="totop"><a href="#summary">back to summary</a></p><h3 id="m1">MyPackage.CNRegressionAutomation#CTEditChk</h3><table class="result"><tr><th>Messages</th></tr><tr><td><div class="messages">&lt;a href=&quot;C:\Users\499290\Desktop\TF\screenshot\_CTEditChk.png&quot;&gt;&lt;p align=&quot;left&quot;&gt; screenshot at Tue Nov 03 18:51:36 IST 2015&lt;/p&gt;</div></td></tr><tr><th>Exception</th></tr><tr><td><div class="stacktrace">java.lang.AssertionError: expected [true] but found [false]
	at org.testng.Assert.fail(Assert.java:94)
	at org.testng.Assert.failNotEquals(Assert.java:496)
	at org.testng.Assert.assertTrue(Assert.java:42)
	at org.testng.Assert.assertTrue(Assert.java:52)
	at MyPackage.CNRegressionAutomation.CTEditChk(CNRegressionAutomation.java:1522)
	at sun.reflect.NativeMethodAccessorImpl.invoke0(Native Method)
	at sun.reflect.NativeMethodAccessorImpl.invoke(Unknown Source)
	at sun.reflect.DelegatingMethodAccessorImpl.invoke(Unknown Source)
	at java.lang.reflect.Method.invoke(Unknown Source)
	at org.testng.internal.MethodInvocationHelper.invokeMethod(MethodInvocationHelper.java:85)
	at org.testng.internal.Invoker.invokeMethod(Invoker.java:639)
	at org.testng.internal.Invoker.invokeTestMethod(Invoker.java:816)
	at org.testng.internal.Invoker.invokeTestMethods(Invoker.java:1124)
	at org.testng.internal.TestMethodWorker.invokeTestMethods(TestMethodWorker.java:125)
	at org.testng.internal.TestMethodWorker.run(TestMethodWorker.java:108)
	at org.testng.TestRunner.privateRun(TestRunner.java:774)
	at org.testng.TestRunner.run(TestRunner.java:624)
	at org.testng.SuiteRunner.runTest(SuiteRunner.java:359)
	at org.testng.SuiteRunner.runSequentially(SuiteRunner.java:354)
	at org.testng.SuiteRunner.privateRun(SuiteRunner.java:312)
	at org.testng.SuiteRunner.run(SuiteRunner.java:261)
	at org.testng.SuiteRunnerWorker.runSuite(SuiteRunnerWorker.java:52)
	at org.testng.SuiteRunnerWorker.run(SuiteRunnerWorker.java:86)
	at org.testng.TestNG.runSuitesSequentially(TestNG.java:1215)
	at org.testng.TestNG.runSuitesLocally(TestNG.java:1140)
	at org.testng.TestNG.run(TestNG.java:1048)
	at org.testng.remote.RemoteTestNG.run(RemoteTestNG.java:112)
	at org.testng.remote.RemoteTestNG.initAndRun(RemoteTestNG.java:205)
	at org.testng.remote.RemoteTestNG.main(RemoteTestNG.java:176)
</div></td></tr></table><p class="totop"><a href="#summary">back to summary</a></p><h3 id="m2">MyPackage.CNRegressionAutomation#FinalCTReview</h3><table class="result"><tr><th>Messages</th></tr><tr><td><div class="messages">&lt;a href=&quot;C:\Users\499290\Desktop\TF\screenshot\_FinalCTReview.png&quot;&gt;&lt;p align=&quot;left&quot;&gt; screenshot at Tue Nov 03 18:52:12 IST 2015&lt;/p&gt;</div></td></tr><tr><th>Exception</th></tr><tr><td><div class="stacktrace">org.openqa.selenium.StaleElementReferenceException: stale element reference: element is not attached to the page document
  (Session info: chrome=46.0.2490.80)
  (Driver info: chromedriver=2.15.322448 (52179c1b310fec1797c81ea9a20326839860b7d3),platform=Windows NT 6.1 SP1 x86) (WARNING: The server did not provide any stacktrace information)
Command duration or timeout: 36 milliseconds
For documentation on this error, please visit: http://seleniumhq.org/exceptions/stale_element_reference.html
Build info: version: &apos;2.47.1&apos;, revision: &apos;411b314&apos;, time: &apos;2015-07-30 02:56:46&apos;
System info: host: &apos;01HW189957&apos;, ip: &apos;192.168.9.188&apos;, os.name: &apos;Windows 7&apos;, os.arch: &apos;x86&apos;, os.version: &apos;6.1&apos;, java.version: &apos;1.7.0_25&apos;
Session ID: f0e33d41c20ab2bbe43c1656ddf4dc34
Driver info: org.openqa.selenium.chrome.ChromeDriver
Capabilities [{platform=XP, acceptSslCerts=true, javascriptEnabled=true, browserName=chrome, chrome={userDataDir=C:\Users\554525\AppData\Local\Temp\scoped_dir6220_273}, rotatable=false, locationContextEnabled=true, mobileEmulationEnabled=false, version=46.0.2490.80, takesHeapSnapshot=true, cssSelectorsEnabled=true, databaseEnabled=false, handlesAlerts=true, browserConnectionEnabled=false, webStorageEnabled=true, nativeEvents=true, applicationCacheEnabled=false, takesScreenshot=true}]
	at sun.reflect.NativeConstructorAccessorImpl.newInstance0(Native Method)
	at sun.reflect.NativeConstructorAccessorImpl.newInstance(Unknown Source)
	at sun.reflect.DelegatingConstructorAccessorImpl.newInstance(Unknown Source)
	at java.lang.reflect.Constructor.newInstance(Unknown Source)
	at org.openqa.selenium.remote.ErrorHandler.createThrowable(ErrorHandler.java:206)
	at org.openqa.selenium.remote.ErrorHandler.throwIfResponseFailed(ErrorHandler.java:158)
	at org.openqa.selenium.remote.RemoteWebDriver.execute(RemoteWebDriver.java:595)
	at org.openqa.selenium.remote.RemoteWebDriver.executeScript(RemoteWebDriver.java:504)
	at MyPackage.HighlightElement.elementHighlight(HighlightElement.java:14)
	at MyPackage.CNRegressionAutomation.FinalCTReview(CNRegressionAutomation.java:1548)
	at sun.reflect.NativeMethodAccessorImpl.invoke0(Native Method)
	at sun.reflect.NativeMethodAccessorImpl.invoke(Unknown Source)
	at sun.reflect.DelegatingMethodAccessorImpl.invoke(Unknown Source)
	at java.lang.reflect.Method.invoke(Unknown Source)
	at org.testng.internal.MethodInvocationHelper.invokeMethod(MethodInvocationHelper.java:85)
	at org.testng.internal.Invoker.invokeMethod(Invoker.java:639)
	at org.testng.internal.Invoker.invokeTestMethod(Invoker.java:816)
	at org.testng.internal.Invoker.invokeTestMethods(Invoker.java:1124)
	at org.testng.internal.TestMethodWorker.invokeTestMethods(TestMethodWorker.java:125)
	at org.testng.internal.TestMethodWorker.run(TestMethodWorker.java:108)
	at org.testng.TestRunner.privateRun(TestRunner.java:774)
	at org.testng.TestRunner.run(TestRunner.java:624)
	at org.testng.SuiteRunner.runTest(SuiteRunner.java:359)
	at org.testng.SuiteRunner.runSequentially(SuiteRunner.java:354)
	at org.testng.SuiteRunner.privateRun(SuiteRunner.java:312)
	at org.testng.SuiteRunner.run(SuiteRunner.java:261)
	at org.testng.SuiteRunnerWorker.runSuite(SuiteRunnerWorker.java:52)
	at org.testng.SuiteRunnerWorker.run(SuiteRunnerWorker.java:86)
	at org.testng.TestNG.runSuitesSequentially(TestNG.java:1215)
	at org.testng.TestNG.runSuitesLocally(TestNG.java:1140)
	at org.testng.TestNG.run(TestNG.java:1048)
	at org.testng.remote.RemoteTestNG.run(RemoteTestNG.java:112)
	at org.testng.remote.RemoteTestNG.initAndRun(RemoteTestNG.java:205)
	at org.testng.remote.RemoteTestNG.main(RemoteTestNG.java:176)
</div></td></tr></table><p class="totop"><a href="#summary">back to summary</a></p><h3 id="m3">MyPackage.CNRegressionAutomation#FinalTranslationReview</h3><table class="result"><tr><th>Messages</th></tr><tr><td><div class="messages">&lt;a href=&quot;C:\Users\499290\Desktop\TF\screenshot\_FinalTranslationReview.png&quot;&gt;&lt;p align=&quot;left&quot;&gt; screenshot at Tue Nov 03 18:53:30 IST 2015&lt;/p&gt;</div></td></tr><tr><th>Exception</th></tr><tr><td><div class="stacktrace">org.openqa.selenium.NoSuchElementException: no such element
  (Session info: chrome=46.0.2490.80)
  (Driver info: chromedriver=2.15.322448 (52179c1b310fec1797c81ea9a20326839860b7d3),platform=Windows NT 6.1 SP1 x86) (WARNING: The server did not provide any stacktrace information)
Command duration or timeout: 40.07 seconds
For documentation on this error, please visit: http://seleniumhq.org/exceptions/no_such_element.html
Build info: version: &apos;2.47.1&apos;, revision: &apos;411b314&apos;, time: &apos;2015-07-30 02:56:46&apos;
System info: host: &apos;01HW189957&apos;, ip: &apos;192.168.9.188&apos;, os.name: &apos;Windows 7&apos;, os.arch: &apos;x86&apos;, os.version: &apos;6.1&apos;, java.version: &apos;1.7.0_25&apos;
*** Element info: {Using=id, value=Final Translation Review}
Session ID: f0e33d41c20ab2bbe43c1656ddf4dc34
Driver info: org.openqa.selenium.chrome.ChromeDriver
Capabilities [{platform=XP, acceptSslCerts=true, javascriptEnabled=true, browserName=chrome, chrome={userDataDir=C:\Users\554525\AppData\Local\Temp\scoped_dir6220_273}, rotatable=false, locationContextEnabled=true, mobileEmulationEnabled=false, version=46.0.2490.80, takesHeapSnapshot=true, cssSelectorsEnabled=true, databaseEnabled=false, handlesAlerts=true, browserConnectionEnabled=false, webStorageEnabled=true, nativeEvents=true, applicationCacheEnabled=false, takesScreenshot=true}]
	at sun.reflect.NativeConstructorAccessorImpl.newInstance0(Native Method)
	at sun.reflect.NativeConstructorAccessorImpl.newInstance(Unknown Source)
	at sun.reflect.DelegatingConstructorAccessorImpl.newInstance(Unknown Source)
	at java.lang.reflect.Constructor.newInstance(Unknown Source)
	at org.openqa.selenium.remote.ErrorHandler.createThrowable(ErrorHandler.java:206)
	at org.openqa.selenium.remote.ErrorHandler.throwIfResponseFailed(ErrorHandler.java:158)
	at org.openqa.selenium.remote.RemoteWebDriver.execute(RemoteWebDriver.java:595)
	at org.openqa.selenium.remote.RemoteWebDriver.findElement(RemoteWebDriver.java:348)
	at org.openqa.selenium.remote.RemoteWebDriver.findElementById(RemoteWebDriver.java:389)
	at org.openqa.selenium.By$ById.findElement(By.java:215)
	at org.openqa.selenium.remote.RemoteWebDriver.findElement(RemoteWebDriver.java:340)
	at MyPackage.CNRegressionAutomation.FinalTranslationReview(CNRegressionAutomation.java:1609)
	at sun.reflect.NativeMethodAccessorImpl.invoke0(Native Method)
	at sun.reflect.NativeMethodAccessorImpl.invoke(Unknown Source)
	at sun.reflect.DelegatingMethodAccessorImpl.invoke(Unknown Source)
	at java.lang.reflect.Method.invoke(Unknown Source)
	at org.testng.internal.MethodInvocationHelper.invokeMethod(MethodInvocationHelper.java:85)
	at org.testng.internal.Invoker.invokeMethod(Invoker.java:639)
	at org.testng.internal.Invoker.invokeTestMethod(Invoker.java:816)
	at org.testng.internal.Invoker.invokeTestMethods(Invoker.java:1124)
	at org.testng.internal.TestMethodWorker.invokeTestMethods(TestMethodWorker.java:125)
	at org.testng.internal.TestMethodWorker.run(TestMethodWorker.java:108)
	at org.testng.TestRunner.privateRun(TestRunner.java:774)
	at org.testng.TestRunner.run(TestRunner.java:624)
	at org.testng.SuiteRunner.runTest(SuiteRunner.java:359)
	at org.testng.SuiteRunner.runSequentially(SuiteRunner.java:354)
	at org.testng.SuiteRunner.privateRun(SuiteRunner.java:312)
	at org.testng.SuiteRunner.run(SuiteRunner.java:261)
	at org.testng.SuiteRunnerWorker.runSuite(SuiteRunnerWorker.java:52)
	at org.testng.SuiteRunnerWorker.run(SuiteRunnerWorker.java:86)
	at org.testng.TestNG.runSuitesSequentially(TestNG.java:1215)
	at org.testng.TestNG.runSuitesLocally(TestNG.java:1140)
	at org.testng.TestNG.run(TestNG.java:1048)
	at org.testng.remote.RemoteTestNG.run(RemoteTestNG.java:112)
	at org.testng.remote.RemoteTestNG.initAndRun(RemoteTestNG.java:205)
	at org.testng.remote.RemoteTestNG.main(RemoteTestNG.java:176)
</div></td></tr></table><p class="totop"><a href="#summary">back to summary</a></p><h3 id="m4">MyPackage.CNRegressionAutomation#IterationScenarios</h3><table class="result"><tr><th>Messages</th></tr><tr><td><div class="messages">&lt;a href=&quot;C:\Users\499290\Desktop\TF\screenshot\_IterationScenarios.png&quot;&gt;&lt;p align=&quot;left&quot;&gt; screenshot at Tue Nov 03 18:55:49 IST 2015&lt;/p&gt;</div></td></tr><tr><th>Exception</th></tr><tr><td><div class="stacktrace">java.lang.NullPointerException
	at MyPackage.CNRegressionAutomation.IterationScenarios(CNRegressionAutomation.java:1686)
	at sun.reflect.NativeMethodAccessorImpl.invoke0(Native Method)
	at sun.reflect.NativeMethodAccessorImpl.invoke(Unknown Source)
	at sun.reflect.DelegatingMethodAccessorImpl.invoke(Unknown Source)
	at java.lang.reflect.Method.invoke(Unknown Source)
	at org.testng.internal.MethodInvocationHelper.invokeMethod(MethodInvocationHelper.java:85)
	at org.testng.internal.Invoker.invokeMethod(Invoker.java:639)
	at org.testng.internal.Invoker.invokeTestMethod(Invoker.java:816)
	at org.testng.internal.Invoker.invokeTestMethods(Invoker.java:1124)
	at org.testng.internal.TestMethodWorker.invokeTestMethods(TestMethodWorker.java:125)
	at org.testng.internal.TestMethodWorker.run(TestMethodWorker.java:108)
	at org.testng.TestRunner.privateRun(TestRunner.java:774)
	at org.testng.TestRunner.run(TestRunner.java:624)
	at org.testng.SuiteRunner.runTest(SuiteRunner.java:359)
	at org.testng.SuiteRunner.runSequentially(SuiteRunner.java:354)
	at org.testng.SuiteRunner.privateRun(SuiteRunner.java:312)
	at org.testng.SuiteRunner.run(SuiteRunner.java:261)
	at org.testng.SuiteRunnerWorker.runSuite(SuiteRunnerWorker.java:52)
	at org.testng.SuiteRunnerWorker.run(SuiteRunnerWorker.java:86)
	at org.testng.TestNG.runSuitesSequentially(TestNG.java:1215)
	at org.testng.TestNG.runSuitesLocally(TestNG.java:1140)
	at org.testng.TestNG.run(TestNG.java:1048)
	at org.testng.remote.RemoteTestNG.run(RemoteTestNG.java:112)
	at org.testng.remote.RemoteTestNG.initAndRun(RemoteTestNG.java:205)
	at org.testng.remote.RemoteTestNG.main(RemoteTestNG.java:176)
</div></td></tr></table><p class="totop"><a href="#summary">back to summary</a></p><h3 id="m5">MyPackage.CNRegressionAutomation#VerificationOfOverviewPage</h3><table class="result"><tr><th>Messages</th></tr><tr><td><div class="messages">&lt;a href=&quot;C:\Users\499290\Desktop\TF\screenshot\_VerificationOfOverviewPage.png&quot;&gt;&lt;p align=&quot;left&quot;&gt; screenshot at Tue Nov 03 18:45:49 IST 2015&lt;/p&gt;</div></td></tr><tr><th>Exception</th></tr><tr><td><div class="stacktrace">java.lang.AssertionError: expected [Global Fund Grant Management Portal] but found [salesforce.com - Enterprise Edition]
	at org.testng.Assert.fail(Assert.java:94)
	at org.testng.Assert.failNotEquals(Assert.java:496)
	at org.testng.Assert.assertEquals(Assert.java:125)
	at org.testng.Assert.assertEquals(Assert.java:178)
	at org.testng.Assert.assertEquals(Assert.java:188)
	at MyPackage.CNRegressionAutomation.VerificationOfOverviewPage(CNRegressionAutomation.java:86)
	at sun.reflect.NativeMethodAccessorImpl.invoke0(Native Method)
	at sun.reflect.NativeMethodAccessorImpl.invoke(Unknown Source)
	at sun.reflect.DelegatingMethodAccessorImpl.invoke(Unknown Source)
	at java.lang.reflect.Method.invoke(Unknown Source)
	at org.testng.internal.MethodInvocationHelper.invokeMethod(MethodInvocationHelper.java:85)
	at org.testng.internal.Invoker.invokeMethod(Invoker.java:639)
	at org.testng.internal.Invoker.invokeTestMethod(Invoker.java:816)
	at org.testng.internal.Invoker.invokeTestMethods(Invoker.java:1124)
	at org.testng.internal.TestMethodWorker.invokeTestMethods(TestMethodWorker.java:125)
	at org.testng.internal.TestMethodWorker.run(TestMethodWorker.java:108)
	at org.testng.TestRunner.privateRun(TestRunner.java:774)
	at org.testng.TestRunner.run(TestRunner.java:624)
	at org.testng.SuiteRunner.runTest(SuiteRunner.java:359)
	at org.testng.SuiteRunner.runSequentially(SuiteRunner.java:354)
	at org.testng.SuiteRunner.privateRun(SuiteRunner.java:312)
	at org.testng.SuiteRunner.run(SuiteRunner.java:261)
	at org.testng.SuiteRunnerWorker.runSuite(SuiteRunnerWorker.java:52)
	at org.testng.SuiteRunnerWorker.run(SuiteRunnerWorker.java:86)
	at org.testng.TestNG.runSuitesSequentially(TestNG.java:1215)
	at org.testng.TestNG.runSuitesLocally(TestNG.java:1140)
	at org.testng.TestNG.run(TestNG.java:1048)
	at org.testng.remote.RemoteTestNG.run(RemoteTestNG.java:112)
	at org.testng.remote.RemoteTestNG.initAndRun(RemoteTestNG.java:205)
	at org.testng.remote.RemoteTestNG.main(RemoteTestNG.java:176)
</div></td></tr></table><p class="totop"><a href="#summary">back to summary</a></p><h3 id="m6">MyPackage.CNRegressionAutomation#CCMEditChk</h3><table class="result"><tr><th>Messages</th></tr><tr><td><div class="messages">&lt;a href=&quot;C:\Users\499290\Desktop\TF\screenshot\_CCMEditChk.png&quot;&gt;&lt;p align=&quot;left&quot;&gt; screenshot at Tue Nov 03 18:50:35 IST 2015&lt;/p&gt;</div></td></tr></table><p class="totop"><a href="#summary">back to summary</a></p><h3 id="m7">MyPackage.CNRegressionAutomation#CCMEditChkAfterCTReview</h3><table class="result"><tr><th>Messages</th></tr><tr><td><div class="messages">&lt;a href=&quot;C:\Users\499290\Desktop\TF\screenshot\_CCMEditChkAfterCTReview.png&quot;&gt;&lt;p align=&quot;left&quot;&gt; screenshot at Tue Nov 03 18:55:48 IST 2015&lt;/p&gt;</div></td></tr></table><p class="totop"><a href="#summary">back to summary</a></p><h3 id="m8">MyPackage.CNRegressionAutomation#CTLogin</h3><table class="result"><tr><th>Messages</th></tr><tr><td><div class="messages">&lt;a href=&quot;C:\Users\499290\Desktop\TF\screenshot\_CTLogin.png&quot;&gt;&lt;p align=&quot;left&quot;&gt; screenshot at Tue Nov 03 18:52:04 IST 2015&lt;/p&gt;</div></td></tr></table><p class="totop"><a href="#summary">back to summary</a></p><h3 id="m9">MyPackage.CNRegressionAutomation#CTPositiveAssessment</h3><table class="result"><tr><th>Messages</th></tr><tr><td><div class="messages">&lt;a href=&quot;C:\Users\499290\Desktop\TF\screenshot\_CTPositiveAssessment.png&quot;&gt;&lt;p align=&quot;left&quot;&gt; screenshot at Tue Nov 03 18:47:25 IST 2015&lt;/p&gt;</div></td></tr></table><p class="totop"><a href="#summary">back to summary</a></p><h3 id="m10">MyPackage.CNRegressionAutomation#ItrNotSubmittedEditChk</h3><table class="result"><tr><th>Messages</th></tr><tr><td><div class="messages">&lt;a href=&quot;C:\Users\499290\Desktop\TF\screenshot\_ItrNotSubmittedEditChk.png&quot;&gt;&lt;p align=&quot;left&quot;&gt; screenshot at Tue Nov 03 18:56:07 IST 2015&lt;/p&gt;</div></td></tr></table><p class="totop"><a href="#summary">back to summary</a></p><h3 id="m11">MyPackage.CNRegressionAutomation#Login</h3><table class="result"><tr><th>Messages</th></tr><tr><td><div class="messages">&lt;a href=&quot;C:\Users\499290\Desktop\TF\screenshot\_Login.png&quot;&gt;&lt;p align=&quot;left&quot;&gt; screenshot at Tue Nov 03 18:45:48 IST 2015&lt;/p&gt;</div></td></tr></table><p class="totop"><a href="#summary">back to summary</a></p><h3 id="m12">MyPackage.CNRegressionAutomation#SubmitCN</h3><table class="result"><tr><th>Messages</th></tr><tr><td><div class="messages">&lt;a href=&quot;C:\Users\499290\Desktop\TF\screenshot\_SubmitCN.png&quot;&gt;&lt;p align=&quot;left&quot;&gt; screenshot at Tue Nov 03 18:48:12 IST 2015&lt;/p&gt;</div></td></tr></table><p class="totop"><a href="#summary">back to summary</a></p><h3 id="m13">MyPackage.CNRegressionAutomation#SubmitItrCN</h3><table class="result"><tr><th>Messages</th></tr><tr><td><div class="messages">&lt;a href=&quot;C:\Users\499290\Desktop\TF\screenshot\_SubmitItrCN.png&quot;&gt;&lt;p align=&quot;left&quot;&gt; screenshot at Tue Nov 03 18:56:27 IST 2015&lt;/p&gt;</div></td></tr></table><p class="totop"><a href="#summary">back to summary</a></p><h3 id="m14">MyPackage.CNRegressionAutomation#TRPDateRegister</h3><table class="result"><tr><th>Messages</th></tr><tr><td><div class="messages">&lt;a href=&quot;C:\Users\499290\Desktop\TF\screenshot\_TRPDateRegister.png&quot;&gt;&lt;p align=&quot;left&quot;&gt; screenshot at Tue Nov 03 18:46:16 IST 2015&lt;/p&gt;</div></td></tr></table><p class="totop"><a href="#summary">back to summary</a></p></body></html>